\BOOKMARK [0][-]{chapter.1}{\376\377\000I\000N\000T\000R\000O\000D\000U\000C\000T\000I\000O\000N}{}% 1
\BOOKMARK [1][-]{section.1.1}{\376\377\000B\000A\000C\000K\000G\000R\000O\000U\000N\000D}{chapter.1}% 2
\BOOKMARK [1][-]{section.1.2}{\376\377\000O\000B\000J\000E\000C\000T\000I\000V\000E\000\040\000O\000F\000\040\000T\000H\000E\000\040\000T\000R\000A\000I\000N\000I\000N\000G}{chapter.1}% 3
\BOOKMARK [1][-]{section.1.3}{\376\377\000O\000V\000E\000R\000V\000I\000E\000W\000\040\000O\000F\000\040\000W\000E\000B\000\040\000D\000E\000V\000E\000L\000O\000P\000M\000E\000N\000T\000\040\000T\000R\000A\000I\000N\000I\000N\000G}{chapter.1}% 4
\BOOKMARK [1][-]{section.1.4}{\376\377\000I\000M\000P\000O\000R\000T\000A\000N\000C\000E\000\040\000O\000F\000\040\000W\000E\000B\000\040\000D\000E\000V\000E\000L\000O\000P\000M\000E\000N\000T\000\040\000I\000N\000\040\000T\000H\000E\000\040\000M\000O\000D\000E\000R\000N\000\040\000E\000R\000A}{chapter.1}% 5
\BOOKMARK [1][-]{section.1.5}{\376\377\000S\000C\000O\000P\000E\000\040\000O\000F\000\040\000T\000R\000A\000I\000N\000I\000N\000G}{chapter.1}% 6
\BOOKMARK [0][-]{chapter.2}{\376\377\000T\000R\000A\000I\000N\000I\000N\000G\000\040\000W\000O\000R\000K\000\040\000U\000N\000D\000E\000R\000T\000A\000K\000E\000N}{}% 7
\BOOKMARK [1][-]{section.2.1}{\376\377\000W\000E\000E\000K\000\040\0001\000\040\040\023\000\040\000I\000N\000T\000R\000O\000D\000U\000C\000T\000I\000O\000N\000\040\000T\000O\000\040\000H\000T\000M\000L\000\040\000A\000N\000D\000\040\000W\000E\000B\000\040\000S\000T\000R\000U\000C\000T\000U\000R\000E}{chapter.2}% 8
\BOOKMARK [1][-]{section.2.2}{\376\377\000W\000E\000E\000K\000\040\0002\000\040\040\023\000\040\000I\000N\000T\000R\000O\000D\000U\000C\000T\000I\000O\000N\000\040\000T\000O\000\040\000C\000S\000S\000\040\000A\000N\000D\000\040\000P\000A\000G\000E\000\040\000S\000T\000Y\000L\000I\000N\000G}{chapter.2}% 9
\BOOKMARK [1][-]{section.2.3}{\376\377\000W\000E\000E\000K\000\040\0003\000\040\040\023\000\040\000I\000N\000T\000R\000O\000D\000U\000C\000T\000I\000O\000N\000\040\000T\000O\000\040\000J\000A\000V\000A\000S\000C\000R\000I\000P\000T\000\040\000A\000N\000D\000\040\000I\000N\000T\000E\000R\000A\000C\000T\000I\000V\000I\000T\000Y}{chapter.2}% 10
\BOOKMARK [1][-]{section.2.4}{\376\377\000W\000E\000E\000K\000\040\0004\000\040\040\023\000\040\000F\000I\000N\000A\000L\000\040\000P\000R\000O\000J\000E\000C\000T\000\040\000D\000E\000V\000E\000L\000O\000P\000M\000E\000N\000T\000:\000\040\000S\000C\000I\000E\000N\000T\000I\000F\000I\000C\000\040\000W\000E\000B\000\040\000C\000A\000L\000C\000U\000L\000A\000T\000O\000R}{chapter.2}% 11
\BOOKMARK [1][-]{section.2.5}{\376\377\000T\000O\000O\000L\000S\000\040\000A\000N\000D\000\040\000T\000E\000C\000H\000N\000O\000L\000O\000G\000I\000E\000S\000\040\000U\000S\000E\000D}{chapter.2}% 12
\BOOKMARK [0][-]{chapter.3}{\376\377\000R\000E\000S\000U\000L\000T\000S\000\040\000A\000N\000D\000\040\000D\000I\000S\000C\000U\000S\000S\000I\000O\000N\000S}{}% 13
\BOOKMARK [1][-]{section.3.1}{\376\377\000O\000v\000e\000r\000v\000i\000e\000w\000\040\000o\000f\000\040\000t\000h\000e\000\040\000P\000r\000o\000j\000e\000c\000t\000\040\000O\000u\000t\000p\000u\000t}{chapter.3}% 14
\BOOKMARK [1][-]{section.3.2}{\376\377\000I\000m\000p\000l\000e\000m\000e\000n\000t\000a\000t\000i\000o\000n\000\040\000R\000e\000s\000u\000l\000t\000s}{chapter.3}% 15
\BOOKMARK [2][-]{subsection.3.2.1}{\376\377\000I\000n\000t\000e\000r\000f\000a\000c\000e\000\040\000L\000a\000y\000o\000u\000t\000\040\000a\000n\000d\000\040\000D\000e\000s\000i\000g\000n}{section.3.2}% 16
\BOOKMARK [2][-]{subsection.3.2.2}{\376\377\000V\000i\000s\000u\000a\000l\000\040\000S\000t\000y\000l\000i\000n\000g\000\040\000a\000n\000d\000\040\000R\000e\000s\000p\000o\000n\000s\000i\000v\000e\000n\000e\000s\000s}{section.3.2}% 17
\BOOKMARK [2][-]{subsection.3.2.3}{\376\377\000F\000u\000n\000c\000t\000i\000o\000n\000a\000l\000\040\000L\000o\000g\000i\000c\000\040\000a\000n\000d\000\040\000I\000n\000t\000e\000r\000a\000c\000t\000i\000v\000i\000t\000y}{section.3.2}% 18
\BOOKMARK [2][-]{subsection.3.2.4}{\376\377\000O\000u\000t\000p\000u\000t\000\040\000S\000c\000r\000e\000e\000n\000s}{section.3.2}% 19
\BOOKMARK [1][-]{section.3.3}{\376\377\000D\000i\000s\000c\000u\000s\000s\000i\000o\000n\000s\000\040\000a\000n\000d\000\040\000O\000b\000s\000e\000r\000v\000a\000t\000i\000o\000n\000s}{chapter.3}% 20
\BOOKMARK [1][-]{section.3.4}{\376\377\000S\000u\000m\000m\000a\000r\000y}{chapter.3}% 21
\BOOKMARK [0][-]{chapter.4}{\376\377\000C\000O\000N\000C\000L\000U\000S\000I\000O\000N}{}% 22
